29/04/25 13:48:47:337	#$$PORT 192.168.8.67 5001 5002 5003
29/04/25 13:48:47:342	C: PORT 0x00 ok.
29/04/25 13:48:47:343	#$$CONNECT
29/04/25 13:48:48:181	C: CONNECT 0x00 ok. Waiting for User to Configure Test Mobile
29/04/25 13:48:48:182	GSTS
29/04/25 13:48:48:182	C: GSTS 0x00 Ok Reset
29/04/25 13:48:48:184	ABOT 0 0 0
29/04/25 13:48:48:192	C: ABOT 0x00 Ok 0x0000001e
29/04/25 13:48:48:192	MULT STANDALONE
29/04/25 13:48:50:193	C: MULT 0x00 Ok
29/04/25 13:48:50:193	SCXT 0 LTE
29/04/25 13:48:50:193	C: SCXT 0x00 Ok
29/04/25 13:48:50:194	SCXT 1 NR
29/04/25 13:48:50:194	C: SCXT 0x00 Ok
29/04/25 13:48:50:194	LSST
29/04/25 13:48:50:194	C: LSST 0x00 Ok none
29/04/25 13:48:50:195	CONF SYSTEM SWUE ON
29/04/25 13:48:50:195	C: CONF 0x00 Ok 
29/04/25 13:48:50:195	SYSTEM
29/04/25 13:48:50:195	  SWUE = ON
29/04/25 13:48:50:195	CONF SYSTEM MAXNUMUES 32
29/04/25 13:48:50:195	C: CONF 0x00 Ok 
29/04/25 13:48:50:195	SYSTEM
29/04/25 13:48:50:195	  MAXNUMUES = 32
29/04/25 13:48:50:196	MULT STANDALONE
29/04/25 13:48:50:196	C: MULT 0x00 Ok
29/04/25 13:48:50:196	SCXT 0 LTE
29/04/25 13:48:50:197	C: SCXT 0x00 Ok
29/04/25 13:48:50:197	SCXT 1 NR
29/04/25 13:48:50:197	C: SCXT 0x00 Ok
29/04/25 13:48:50:197	SELR 0 FES-0 ORU1-P1 1 ORAN ORU1
29/04/25 13:48:50:262	C: SELR 0x00 Ok
29/04/25 13:48:50:263	CFGR 0 SCS 1 1
29/04/25 13:48:50:263	I: TMAE 0x0 Information - SLEN auto enabled for MCI optimizations
29/04/25 13:48:50:264	C: CFGR 0x00 Ok
29/04/25 13:48:50:264	CFGR 0 RADIO_BANDWIDTH 100MHZ
29/04/25 13:48:50:264	C: CFGR 0x00 Ok
29/04/25 13:48:50:264	EREF 0 0 0
29/04/25 13:48:50:265	C: EREF 0x00 Ok
29/04/25 13:48:50:265	GETR
29/04/25 13:48:50:266	C: GETR 0x00 Ok 
29/04/25 13:48:50:266	Radio cards
29/04/25 13:48:50:266	==============
29/04/25 13:48:50:266	   Card   : ORU1
29/04/25 13:48:50:266	   Ch.Name: FES-0
29/04/25 13:48:50:266	   Chassis: 0
29/04/25 13:48:50:266	   Vendor : Mellanox
29/04/25 13:48:50:266	   Product: ConnectX-5 (0x1017)
29/04/25 13:48:50:266	   ---------------
29/04/25 13:48:50:266	   *  Slot   : ORU1-P1
29/04/25 13:48:50:266	      Port   : eth2
29/04/25 13:48:50:266	      Speed  : 10000 Mbps
29/04/25 13:48:50:266	      Mtu    : 1500 bytes
29/04/25 13:48:50:266	      Duplex : Full
29/04/25 13:48:50:266	      Link   : Up
29/04/25 13:48:50:266	      Context: 0
29/04/25 13:48:50:266	       Load   : 1 LTE [0] NR
29/04/25 13:48:50:266	LGPC
29/04/25 13:48:50:267	C: LGPC 0x00 Ok {"if_configs":[{"chassis_alias":"Chassis 0","ip_addr":"192.168.8.67"}],"session_descriptions":[{"session_id":"PCO","port":25699,"description":"Point of Control and Observation aka Protocol"},{"session_id":"DBG_1","port":25700,"description":"General debug"},{"session_id":"HDR","port":25701,"description":"High Data Rate logging"},{"session_id":"FTL","port":25702,"description":"Functional Test Logging"},{"session_id":"GLD_1","port":25703,"description":"GUI Logging Data 'Offline'"},{"session_id":"GLD_2","port":25704,"description":"GUI Logging Data 'Live'"},{"session_id":"DBG_2","port":25705,"description":"Medium rate debug"},{"session_id":"DBG_3","port":25706,"description":"High rate debug"},{"session_id":"WSC","port":25707,"description":"Wireshark Signalling Capture"}]}
29/04/25 13:48:50:267	SCFG MTS_MODE
29/04/25 13:49:35:136	C: SCFG 0x00 Ok MTS_MODE
29/04/25 13:49:35:137	WAIT FOR "ORAN: CU PLANE ACTIVE" TIMEOUT 600
29/04/25 13:49:35:140	STRT
29/04/25 13:49:35:143	I: CMPI ORAN_RU ORAN: CU PLANE ACTIVE AUTOSTART
29/04/25 13:49:35:144	C: WAIT FOR 0x00 OK
29/04/25 13:49:35:144	I: CMPI ORAN_RU Sync LOCKED
29/04/25 13:49:35:144	I: CMPI ORAN_RU ORU1: ORAN: CU PLANE ACTIVE
29/04/25 13:49:35:162	I: CMPI NRL0ULCTRL Power control parameters for radio context id 0
   Compression BitWidth : 9
   Compression Method   : Block floating point
   Interface Resolution : -138.47 dBFS
   FsOffset             : 0.00 dB
   RowColOffset         : 0.00 dB
   OranMinPower         : -152.00 dBm/SC
   OranMaxPower         : -25.57 dBm/SC
29/04/25 13:49:35:798	C: STRT 0x00 Ok
29/04/25 13:49:35:799	GVER
29/04/25 13:49:42:193	C: GVER 0x00 Ok 
29/04/25 13:49:42:193	 PPC-0:
29/04/25 13:49:42:193	    BSP: 9.5.a
29/04/25 13:49:42:193	    APP: TM500 NR5G VERSION: NLA7.4.0 Rev5
29/04/25 13:49:42:193	 Version Label: NLA_7_4_0_REV05
29/04/25 13:49:42:223	SETP LA_USE_FLA 0
29/04/25 13:49:42:222	I: TMAE 0x0 Information - Attempting TMA-RDA handshake :192.168.10.200
29/04/25 13:49:42:312	C: SETP 0x00 Ok LA_USE_FLA 0x00000000
29/04/25 13:49:42:338	SDLI LTE_RADIO_CONTEXT 0x00000001 0x00000000 0x00000000 0x00000000 0x00000000 0x00000000 0x00000000 0x00000000 0x00000000 0x00000000 0x00000000 0x00000000 0x00000000 0x00000000
29/04/25 13:49:42:383	C: SDLI 0x00 Ok LTE_RADIO_CONTEXT 0x00000001 0x00000001 0x14ef07d0 0x00007f37 0x00000000 0x00000000 0x00000000 0x5b000000 0x005b5b5b 0x00000000 0x00000000 0x00000000 0x00000000 0x00000000
29/04/25 13:49:42:417	SDLI LTE_L3_RRC_STATS 0x00000001 0x00000000 0x00000000 0x00000000 0x00000000 0x00000000 0x00000000 0x00000000 0x00000000 0x00000000 0x00000000 0x00000000 0x00000000 0x00000000
29/04/25 13:49:42:437	C: SDLI 0x00 Ok LTE_L3_RRC_STATS 0x00000001 0x00000000 0x00000000 0x00000000 0x00000000 0x00000000 0x00000000 0x00000000 0x00000000 0x00000000 0x00000000 0x00000000 0x00000000 0x00000000
29/04/25 13:49:42:470	SDLI LTE_L3_RRC_GROUP_STATS 0x00000001 0x00000000 0x00000000 0x00000000 0x00000000 0x00000000 0x00000000 0x00000000 0x00000000 0x00000000 0x00000000 0x00000000 0x00000000 0x00000000
29/04/25 13:49:42:491	C: SDLI 0x00 Ok LTE_L3_RRC_GROUP_STATS 0x00000001 0x00000000 0x00000000 0x00000000 0x00000000 0x00000000 0x00000000 0x00000000 0x00000000 0x00000000 0x00000000 0x00000000 0x00000000 0x00000000
29/04/25 13:49:42:540	SDLI LTE_L3_NAS_STATS 0x00000001 0x00000000 0x00000000 0x00000000 0x00000000 0x00000000 0x00000000 0x00000000 0x00000000 0x00000000 0x00000000 0x00000000 0x00000000 0x00000000
29/04/25 13:49:42:561	C: SDLI 0x00 Ok LTE_L3_NAS_STATS 0x00000001 0x00000000 0x00000000 0x00000000 0x00000000 0x00000000 0x00000000 0x00000000 0x00000000 0x00000000 0x00000000 0x00000000 0x00000000 0x00000000
29/04/25 13:49:42:594	SDLI LTE_L3_NAS_GROUP_STATS 0x00000001 0x00000000 0x00000000 0x00000000 0x00000000 0x00000000 0x00000000 0x00000000 0x00000000 0x00000000 0x00000000 0x00000000 0x00000000 0x00000000
29/04/25 13:49:42:614	C: SDLI 0x00 Ok LTE_L3_NAS_GROUP_STATS 0x00000001 0x00000000 0x00000000 0x00000000 0x00000000 0x00000000 0x00000000 0x00000000 0x00000000 0x00000000 0x00000000 0x00000000 0x00000000 0x00000000
29/04/25 13:49:42:648	SDLI NR_LA_L3_NAS_STATS 0x00000001 0x00000000 0x00000000 0x00000000 0x00000000 0x00000000 0x00000000 0x00000000 0x00000000 0x00000000 0x00000000 0x00000000 0x00000000 0x00000000
29/04/25 13:49:42:669	C: SDLI 0x00 Ok NR_LA_L3_NAS_STATS 0x00000001 0x00000000 0x00000000 0x00000000 0x00000000 0x00000000 0x00000000 0x00000000 0x00000000 0x00000000 0x00000000 0x00000000 0x00000000 0x00000000
29/04/25 13:49:42:702	SDLI NR_LA_L3_NAS_UEGROUP_STATS 0x00000001 0x00000000 0x00000000 0x00000000 0x00000000 0x00000000 0x00000000 0x00000000 0x00000000 0x00000000 0x00000000 0x00000000 0x00000000 0x00000000
29/04/25 13:49:42:724	C: SDLI 0x00 Ok NR_LA_L3_NAS_UEGROUP_STATS 0x00000001 0x00000000 0x00000000 0x00000000 0x00000000 0x00000000 0x00000000 0x00000000 0x00000000 0x00000000 0x00000000 0x00000000 0x00000000 0x00000000
29/04/25 13:49:42:761	SDLI NR_LA_L3_RRC_STATS 0x00000001 0x00000000 0x00000000 0x00000000 0x00000000 0x00000000 0x00000000 0x00000000 0x00000000 0x00000000 0x00000000 0x00000000 0x00000000 0x00000000
29/04/25 13:49:42:780	C: SDLI 0x00 Ok NR_LA_L3_RRC_STATS 0x00000001 0x00000000 0x00000000 0x00000000 0x00000000 0x00000000 0x00000000 0x00000000 0x00000000 0x00000000 0x00000000 0x00000000 0x00000000 0x00000000
29/04/25 13:49:42:813	SDLI NR_LA_L3_RRC_UEGROUP_STATS 0x00000001 0x00000000 0x00000000 0x00000000 0x00000000 0x00000000 0x00000000 0x00000000 0x00000000 0x00000000 0x00000000 0x00000000 0x00000000 0x00000000
29/04/25 13:49:42:832	C: SDLI 0x00 Ok NR_LA_L3_RRC_UEGROUP_STATS 0x00000001 0x00000000 0x00000000 0x00000000 0x00000000 0x00000000 0x00000000 0x00000000 0x00000000 0x00000000 0x00000000 0x00000000 0x00000000 0x00000000
29/04/25 13:49:42:867	SDLI LTE_LA_RACH_STATS 0x00000001 0x00000000 0x00000000 0x00000000 0x00000000 0x00000000 0x00000000 0x00000000 0x00000000 0x00000000 0x00000000 0x00000000 0x00000000 0x00000000
29/04/25 13:49:42:887	C: SDLI 0x00 Ok LTE_LA_RACH_STATS 0x00000001 0x00000000 0x00000000 0x00000000 0x00000000 0x00000000 0x00000000 0x00000000 0x00000000 0x00000000 0x00000000 0x00000000 0x00000000 0x00000000
29/04/25 13:49:50:820	I: TMAE 0x0 Information - SSH connection Error :Connection failed to establish within 15000 milliseconds.
29/04/25 13:51:48:073	I: ERNO 0x00000002 0x00000000 0x00000000 Assert Fail: "
29/04/25 13:51:48:073	 >>>FhsDl_0_NR_I0: Received Payloadsize 1337 is higher than Expected Payloadsize 1492 " in ../tm_oran_app/oran_ru/oran_ru_dl_cuplane/code/oran_ru_dl_cuplane.cpp at line 1275
29/04/25 13:51:53:150	DTRC 2025_04_29_13_51_53_dump
29/04/25 13:51:53:162	I: ERNO 0x00000002 0x00000000 0x00000000 Assert Fail: "
29/04/25 13:51:53:162	 >>>OranRxEth_FE_0_I0: m_RngBuf full." in ../tm_oran_app/oran_ru/oran_ru_fifos/interface/oran_uplane_fifo.hpp at line 238
29/04/25 13:51:53:218	I: ERNO 0x00000002 0x00000000 0x00000000 Assert Fail: "
29/04/25 13:51:53:218	 >>>OranRxEth_FE_0_I0: m_RngBuf full." in ../tm_oran_app/oran_ru/oran_ru_fifos/interface/oran_uplane_fifo.hpp at line 238
29/04/25 13:51:53:258	I: ERNO 0x00000002 0x00000000 0x00000000 Assert Fail: "
29/04/25 13:51:53:258	 >>>OranRxEth_FE_1_I0: m_RngBuf full." in ../tm_oran_app/oran_ru/oran_ru_fifos/interface/oran_uplane_fifo.hpp at line 238
29/04/25 13:51:53:292	I: ERNO 0x00000002 0x00000000 0x00000000 Assert Fail: "
29/04/25 13:51:53:292	 >>>OranRxEth_FE_1_I0: m_RngBuf full." in ../tm_oran_app/oran_ru/oran_ru_fifos/interface/oran_uplane_fifo.hpp at line 238
29/04/25 13:51:53:330	I: ERNO 0x00000002 0x00000000 0x00000000 Assert Fail: "
29/04/25 13:51:53:330	 >>>FhsDl_1_NR_I0: Received Payloadsize 1337 is higher than Expected Payloadsize 1492 " in ../tm_oran_app/oran_ru/oran_ru_dl_cuplane/code/oran_ru_dl_cuplane.cpp at line 1275
29/04/25 13:51:53:362	I: ERNO 0x00000002 0x00000000 0x00000000 Assert Fail: "
29/04/25 13:51:53:362	 >>>FhsTimer_Main_I0: CRuDlCuPlane::PushWindowStartTimerEvent: Failed to queue m_WindowValidTimerEventQueue" in ../tm_oran_app/oran_ru/oran_ru_dl_cuplane/code/oran_ru_dl_cuplane.cpp at line 1293
29/04/25 13:52:09:355	I: TMAE 0x3 Critical Error - Test Mobile Command Port Closed. Lost server connection. Error code: 10054
29/04/25 13:52:09:403	I: TMAE 0x3 Critical Error - Test Mobile Logged Data Port Closed
29/04/25 13:52:09:441	I: TMAE 0x2 Error - Test Mobile has closed the connection. Attempting to reconnect.
29/04/25 13:52:09:446	I: REBOOT - The Test Mobile is rebooting. The TMA will re-connect automatically.